[23:34:30] [ServerMain/INFO]: Environment: Environment[sessionHost=https://sessionserver.mojang.com, servicesHost=https://api.minecraftservices.com, name=PROD]
[23:34:32] [ServerMain/INFO]: Loaded 1373 recipes
[23:34:32] [ServerMain/INFO]: Loaded 1484 advancements
[23:34:32] [Server thread/INFO]: Starting minecraft server version 1.21.5
[23:34:32] [Server thread/INFO]: Loading properties
[23:34:32] [Server thread/INFO]: Default game type: SURVIVAL
[23:34:32] [Server thread/INFO]: Generating keypair
[23:34:33] [Server thread/INFO]: Starting Minecraft server on *:25565
[23:34:33] [Server thread/INFO]: Using epoll channel type
[23:34:33] [Server thread/WARN]: **** SERVER IS RUNNING IN OFFLINE/INSECURE MODE!
[23:34:33] [Server thread/WARN]: The server will make no attempt to authenticate usernames. Beware.
[23:34:33] [Server thread/WARN]: While this makes the game possible to play without internet access, it also opens up the ability for hackers to connect with any username they choose.
[23:34:33] [Server thread/WARN]: To change this, set "online-mode" to "true" in the server.properties file.
[23:34:33] [Server thread/INFO]: Preparing level "las epicas aventuras de wonderwoman y sus amantes"
[23:34:33] [Server thread/INFO]: Preparing start region for dimension minecraft:overworld
[23:34:36] [Worker-Main-1/INFO]: Preparing spawn area: 0%
[23:34:36] [Worker-Main-1/INFO]: Preparing spawn area: 0%
[23:34:36] [Worker-Main-1/INFO]: Preparing spawn area: 0%
[23:34:36] [Worker-Main-1/INFO]: Preparing spawn area: 0%
[23:34:36] [Worker-Main-1/INFO]: Preparing spawn area: 0%
[23:34:36] [Worker-Main-1/INFO]: Preparing spawn area: 0%
[23:34:36] [Worker-Main-1/INFO]: Preparing spawn area: 0%
[23:34:37] [Server thread/INFO]: Time elapsed: 3326 ms
[23:34:37] [Server thread/INFO]: Done (3.775s)! For help, type "help"
[23:39:27] [Server thread/INFO]: Sooofi16[/127.15.7.137:42595] logged in with entity id 29 at (-471.08309193933445, 119.0, -1598.2994582714314)
[23:39:27] [Server thread/INFO]: Sooofi16 joined the game
[23:39:36] [Server thread/WARN]: UUID of added entity already exists: ckv['Rabbit'/468, l='ServerLevel[las epicas aventuras de wonderwoman y su amantes]', x=-152.37, y=90.00, z=-1808.37]
[23:43:57] [Server thread/WARN]: UUID of added entity already exists: cma['Goat'/1137, l='ServerLevel[las epicas aventuras de wonderwoman y su amantes]', x=-67.67, y=111.00, z=-1227.67]
